1584106752476	mozrunner::runner	INFO	Running command: "C:\\Program Files\\Mozilla Firefox\\firefox.exe" "-marionette" "-foreground" "-no-remote" "-profile" "C:\\Users\\FABIAN~1.BER\\AppData\\Local\\Temp\\rust_mozprofileVs09RG"
1584106753437	addons.webextension.doh-rollout@mozilla.org	WARN	Loading extension 'doh-rollout@mozilla.org': Reading manifest: Invalid extension permission: networkStatus
1584106754011	addons.webextension.screenshots@mozilla.org	WARN	Loading extension 'screenshots@mozilla.org': Reading manifest: Invalid extension permission: mozillaAddons
1584106754011	addons.webextension.screenshots@mozilla.org	WARN	Loading extension 'screenshots@mozilla.org': Reading manifest: Invalid extension permission: telemetry
1584106754012	addons.webextension.screenshots@mozilla.org	WARN	Loading extension 'screenshots@mozilla.org': Reading manifest: Invalid extension permission: resource://pdf.js/
1584106754012	addons.webextension.screenshots@mozilla.org	WARN	Loading extension 'screenshots@mozilla.org': Reading manifest: Invalid extension permission: about:reader*
JavaScript error: resource://gre/modules/XULStore.jsm, line 66: Error: Can't find profile directory.
1584106757665	Marionette	INFO	Listening on port 62166
1584106757918	Marionette	WARN	TLS certificate errors will be ignored for this session
Unable to read VR Path Registry from C:\Users\fabiano.beraldi\AppData\Local\openvr\openvrpaths.vrpath

###!!! [Parent][RunMessage] Error: Channel closing: too late to send/recv, messages will be lost

1584106768671	Marionette	INFO	Stopped listening on port 62166

###!!! [Child][RunMessage] Error: Channel closing: too late to send/recv, messages will be lost


###!!! [Child][MessageChannel::SendAndWait] Error: Channel error: cannot send/recv

1584107105112	mozrunner::runner	INFO	Running command: "C:\\Program Files\\Mozilla Firefox\\firefox.exe" "-marionette" "-foreground" "-no-remote" "-profile" "C:\\Users\\FABIAN~1.BER\\AppData\\Local\\Temp\\rust_mozprofilecDEo84"
1584107105995	addons.webextension.doh-rollout@mozilla.org	WARN	Loading extension 'doh-rollout@mozilla.org': Reading manifest: Invalid extension permission: networkStatus
1584107106620	addons.webextension.screenshots@mozilla.org	WARN	Loading extension 'screenshots@mozilla.org': Reading manifest: Invalid extension permission: mozillaAddons
1584107106620	addons.webextension.screenshots@mozilla.org	WARN	Loading extension 'screenshots@mozilla.org': Reading manifest: Invalid extension permission: telemetry
1584107106620	addons.webextension.screenshots@mozilla.org	WARN	Loading extension 'screenshots@mozilla.org': Reading manifest: Invalid extension permission: resource://pdf.js/
1584107106620	addons.webextension.screenshots@mozilla.org	WARN	Loading extension 'screenshots@mozilla.org': Reading manifest: Invalid extension permission: about:reader*
JavaScript error: resource://gre/modules/XULStore.jsm, line 66: Error: Can't find profile directory.
1584107110386	Marionette	INFO	Listening on port 62496
1584107110540	Marionette	WARN	TLS certificate errors will be ignored for this session
1584107266177	Marionette	INFO	Stopped listening on port 62496

###!!! [Child][RunMessage] Error: Channel closing: too late to send/recv, messages will be lost


###!!! [Child][MessageChannel::SendAndWait] Error: Channel error: cannot send/recv

1584107307854	mozrunner::runner	INFO	Running command: "C:\\Program Files\\Mozilla Firefox\\firefox.exe" "-marionette" "-foreground" "-no-remote" "-profile" "C:\\Users\\FABIAN~1.BER\\AppData\\Local\\Temp\\rust_mozprofile2LbyQ9"
1584107309890	addons.webextension.doh-rollout@mozilla.org	WARN	Loading extension 'doh-rollout@mozilla.org': Reading manifest: Invalid extension permission: networkStatus
1584107311023	addons.webextension.screenshots@mozilla.org	WARN	Loading extension 'screenshots@mozilla.org': Reading manifest: Invalid extension permission: mozillaAddons
1584107311024	addons.webextension.screenshots@mozilla.org	WARN	Loading extension 'screenshots@mozilla.org': Reading manifest: Invalid extension permission: telemetry
1584107311024	addons.webextension.screenshots@mozilla.org	WARN	Loading extension 'screenshots@mozilla.org': Reading manifest: Invalid extension permission: resource://pdf.js/
1584107311024	addons.webextension.screenshots@mozilla.org	WARN	Loading extension 'screenshots@mozilla.org': Reading manifest: Invalid extension permission: about:reader*
JavaScript error: resource://gre/modules/XULStore.jsm, line 66: Error: Can't find profile directory.
1584107313986	Marionette	INFO	Listening on port 62698
1584107314392	Marionette	WARN	TLS certificate errors will be ignored for this session
1584107881726	Marionette	INFO	Stopped listening on port 62698

###!!! [Child][RunMessage] Error: Channel closing: too late to send/recv, messages will be lost


###!!! [Child][MessageChannel::SendAndWait] Error: Channel error: cannot send/recv

1584107888563	mozrunner::runner	INFO	Running command: "C:\\Program Files\\Mozilla Firefox\\firefox.exe" "-marionette" "-foreground" "-no-remote" "-profile" "C:\\Users\\FABIAN~1.BER\\AppData\\Local\\Temp\\rust_mozprofileRmjrM1"
1584107890137	addons.webextension.doh-rollout@mozilla.org	WARN	Loading extension 'doh-rollout@mozilla.org': Reading manifest: Invalid extension permission: networkStatus
1584107894948	addons.webextension.screenshots@mozilla.org	WARN	Loading extension 'screenshots@mozilla.org': Reading manifest: Invalid extension permission: mozillaAddons
1584107894949	addons.webextension.screenshots@mozilla.org	WARN	Loading extension 'screenshots@mozilla.org': Reading manifest: Invalid extension permission: telemetry
1584107894949	addons.webextension.screenshots@mozilla.org	WARN	Loading extension 'screenshots@mozilla.org': Reading manifest: Invalid extension permission: resource://pdf.js/
1584107894949	addons.webextension.screenshots@mozilla.org	WARN	Loading extension 'screenshots@mozilla.org': Reading manifest: Invalid extension permission: about:reader*
JavaScript error: resource://gre/modules/XULStore.jsm, line 66: Error: Can't find profile directory.
1584107897640	Marionette	INFO	Listening on port 63036
1584107897922	Marionette	WARN	TLS certificate errors will be ignored for this session
1584107938184	mozrunner::runner	INFO	Running command: "C:\\Program Files\\Mozilla Firefox\\firefox.exe" "-marionette" "-foreground" "-no-remote" "-profile" "C:\\Users\\FABIAN~1.BER\\AppData\\Local\\Temp\\rust_mozprofile6haLRi"
1584107938786	addons.webextension.doh-rollout@mozilla.org	WARN	Loading extension 'doh-rollout@mozilla.org': Reading manifest: Invalid extension permission: networkStatus
1584107939335	addons.webextension.screenshots@mozilla.org	WARN	Loading extension 'screenshots@mozilla.org': Reading manifest: Invalid extension permission: mozillaAddons
1584107939335	addons.webextension.screenshots@mozilla.org	WARN	Loading extension 'screenshots@mozilla.org': Reading manifest: Invalid extension permission: telemetry
1584107939336	addons.webextension.screenshots@mozilla.org	WARN	Loading extension 'screenshots@mozilla.org': Reading manifest: Invalid extension permission: resource://pdf.js/
1584107939336	addons.webextension.screenshots@mozilla.org	WARN	Loading extension 'screenshots@mozilla.org': Reading manifest: Invalid extension permission: about:reader*
JavaScript error: resource://gre/modules/XULStore.jsm, line 66: Error: Can't find profile directory.
1584107942159	Marionette	INFO	Listening on port 63134
1584107942514	Marionette	WARN	TLS certificate errors will be ignored for this session
1584108001842	Marionette	INFO	Stopped listening on port 63134

###!!! [Child][RunMessage] Error: Channel closing: too late to send/recv, messages will be lost


###!!! [Child][MessageChannel::SendAndWait] Error: Channel error: cannot send/recv

xtension.doh-rollout@mozilla.org	WARN	Loading extension 'doh-rollout@mozilla.org': Reading manifest: Invalid extension permission: networkStatus
1584107950720	addons.webextension.screenshots@mozilla.org	WARN	Loading extension 'screenshots@mozilla.org': Reading manifest: Invalid extension permission: mozillaAddons
1584107950720	addons.webextension.screenshots@mozilla.org	WARN	Loading extension 'screenshots@mozilla.org': Reading manifest: Invalid extension permission: telemetry
1584107950721	addons.webextension.screenshots@mozilla.org	WARN	Loading extension 'screenshots@mozilla.org': Reading manifest: Invalid extension permission: resource://pdf.js/
1584107950721	addons.webextension.screenshots@mozilla.org	WARN	Loading extension 'screenshots@mozilla.org': Reading manifest: Invalid extension permission: about:reader*
JavaScript error: resource://gre/modules/XULStore.jsm, line 66: Error: Can't find profile directory.
1584107953608	Marionette	INFO	Listening on port 63219
1584107953901	Marionette	WARN	TLS certificate errors will be ignored for this session
1584107999546	Marionette	INFO	Stopped listening on port 63219

###!!! [Child][RunMessage] Error: Channel closing: too late to send/recv, messages will be lost


###!!! [Child][MessageChannel::SendAndWait] Error: Channel error: cannot send/recv

1584108017319	mozrunner::runner	INFO	Running command: "C:\\Program Files\\Mozilla Firefox\\firefox.exe" "-marionette" "-foreground" "-no-remote" "-profile" "C:\\Users\\FABIAN~1.BER\\AppData\\Local\\Temp\\rust_mozprofile8Cf896"
1584108017851	addons.webextension.doh-rollout@mozilla.org	WARN	Loading extension 'doh-rollout@mozilla.org': Reading manifest: Invalid extension permission: networkStatus
1584108018393	addons.webextension.screenshots@mozilla.org	WARN	Loading extension 'screenshots@mozilla.org': Reading manifest: Invalid extension permission: mozillaAddons
1584108018393	addons.webextension.screenshots@mozilla.org	WARN	Loading extension 'screenshots@mozilla.org': Reading manifest: Invalid extension permission: telemetry
1584108018393	addons.webextension.screenshots@mozilla.org	WARN	Loading extension 'screenshots@mozilla.org': Reading manifest: Invalid extension permission: resource://pdf.js/
1584108018393	addons.webextension.screenshots@mozilla.org	WARN	Loading extension 'screenshots@mozilla.org': Reading manifest: Invalid extension permission: about:reader*
JavaScript error: resource://gre/modules/XULStore.jsm, line 66: Error: Can't find profile directory.
1584108021059	Marionette	INFO	Listening on port 63326
1584108021161	Marionette	WARN	TLS certificate errors will be ignored for this session
1584108174524	Marionette	INFO	Stopped listening on port 63326

###!!! [Child][RunMessage] Error: Channel closing: too late to send/recv, messages will be lost


###!!! [Child][MessageChannel::SendAndWait] Error: Channel error: cannot send/recv

xtension.doh-rollout@mozilla.org	WARN	Loading extension 'doh-rollout@mozilla.org': Reading manifest: Invalid extension permission: networkStatus
1584108109442	addons.webextension.screenshots@mozilla.org	WARN	Loading extension 'screenshots@mozilla.org': Reading manifest: Invalid extension permission: mozillaAddons
1584108109442	addons.webextension.screenshots@mozilla.org	WARN	Loading extension 'screenshots@mozilla.org': Reading manifest: Invalid extension permission: telemetry
1584108109442	addons.webextension.screenshots@mozilla.org	WARN	Loading extension 'screenshots@mozilla.org': Reading manifest: Invalid extension permission: resource://pdf.js/
1584108109442	addons.webextension.screenshots@mozilla.org	WARN	Loading extension 'screenshots@mozilla.org': Reading manifest: Invalid extension permission: about:reader*
JavaScript error: resource://gre/modules/XULStore.jsm, line 66: Error: Can't find profile directory.
1584108112358	Marionette	INFO	Listening on port 54941
1584108112731	Marionette	WARN	TLS certificate errors will be ignored for this session
1584108175376	Marionette	INFO	Stopped listening on port 54941

###!!! [Child][RunMessage] Error: Channel closing: too late to send/recv, messages will be lost


###!!! [Child][MessageChannel::SendAndWait] Error: Channel er1584108175540	addons.webextension.doh-rollout@mozilla.org	WARN	Loading extension 'doh-rollout@mozilla.org': Reading manifest: Invalid extension permission: networkStatus
1584108176390	addons.webextension.screenshots@mozilla.org	WARN	Loading extension 'screenshots@mozilla.org': Reading manifest: Invalid extension permission: mozillaAddons
1584108176390	addons.webextension.screenshots@mozilla.org	WARN	Loading extension 'screenshots@mozilla.org': Reading manifest: Invalid extension permission: telemetry
1584108176390	addons.webextension.screenshots@mozilla.org	WARN	Loading extension 'screenshots@mozilla.org': Reading manifest: Invalid extension permission: resource://pdf.js/
1584108176390	addons.webextension.screenshots@mozilla.org	WARN	Loading extension 'screenshots@mozilla.org': Reading manifest: Invalid extension permission: about:reader*
JavaScript error: resource://gre/modules/XULStore.jsm, line 66: Error: Can't find profile directory.
1584108179179	Marionette	INFO	Listening on port 55056
1584108179462	Marionette	WARN	TLS certificate errors will be ignored for this session
1584108195404	Marionette	INFO	Stopped listening on port 55056

###!!! [Child][RunMessage] Error: Channel closing: too late to send/recv, messages will be lost


###!!! [Child][MessageChannel::SendAndWait] Error: Channel error: cannot send/recv

xtension.doh-rollout@mozilla.org	WARN	Loading extension 'doh-rollout@mozilla.org': Reading manifest: Invalid extension permission: networkStatus
1584108187546	addons.webextension.screenshots@mozilla.org	WARN	Loading extension 'screenshots@mozilla.org': Reading manifest: Invalid extension permission: mozillaAddons
1584108187546	addons.webextension.screenshots@mozilla.org	WARN	Loading extension 'screenshots@mozilla.org': Reading manifest: Invalid extension permission: telemetry
1584108187546	addons.webextension.screenshots@mozilla.org	WARN	Loading extension 'screenshots@mozilla.org': Reading manifest: Invalid extension permission: resource://pdf.js/
1584108187547	addons.webextension.screenshots@mozilla.org	WARN	Loading extension 'screenshots@mozilla.org': Reading manifest: Invalid extension permission: about:reader*
JavaScript error: resource://gre/modules/XULStore.jsm, line 66: Error: Can't find profile directory.
1584108190864	Marionette	INFO	Listening on port 55145
1584108191330	Marionette	WARN	TLS certificate errors will be ignored for this session

###!!! [Child][RunMessage] Error: Channel closing: too late to send/recv, messages will be lost


###!!! [Child][MessageChannel] Error: (msgtype=0x37012E,name=PContent::Msg_ScriptError) Channel closing: too late to send/recv, messages will be lost


###!!! [Child][RunMessage] Error: Channel closing: too late to send/recv, messages will be lost


###!!! [Child][RunMessage] Error: Channel closing: too late to send/recv, messages will be lost

1584108193566	Marionette	INFO	Stopped listening on port 55145

###!!! [Child][RunMessage] Error: Channel closing: too late to send/recv, messages will be lost


###!!! [Child][MessageChannel::SendAndWait] Error: Channel error: cannot send/recv

1584108216857	mozrunner::runner	INFO	Running command: "C:\\Program Files\\Mozilla Firefox\\firefox.exe" "-marionette" "-foreground" "-no-remote" "-profile" "C:\\Users\\FABIAN~1.BER\\AppData\\Local\\Temp\\rust_mozprofilezGvLCJ"
1584108217448	addons.webextension.doh-rollout@mozilla.org	WARN	Loading extension 'doh-rollout@mozilla.org': Reading manifest: Invalid extension permission: networkStatus
1584108217960	addons.webextension.screenshots@mozilla.org	WARN	Loading extension 'screenshots@mozilla.org': Reading manifest: Invalid extension permission: mozillaAddons
1584108217961	addons.webextension.screenshots@mozilla.org	WARN	Loading extension 'screenshots@mozilla.org': Reading manifest: Invalid extension permission: telemetry
1584108217961	addons.webextension.screenshots@mozilla.org	WARN	Loading extension 'screenshots@mozilla.org': Reading manifest: Invalid extension permission: resource://pdf.js/
1584108217961	addons.webextension.screenshots@mozilla.org	WARN	Loading extension 'screenshots@mozilla.org': Reading manifest: Invalid extension permission: about:reader*
JavaScript error: resource://gre/modules/XULStore.jsm, line 66: Error: Can't find profile directory.
1584108220696	Marionette	INFO	Listening on port 55230
1584108221185	Marionette	WARN	TLS certificate errors will be ignored for this session
1584108299241	Marionette	INFO	Stopped listening on port 55230

###!!! [Child][RunMessage] Error: Channel closing: too late to send/recv, messages will be lost


###!!! [Child][MessageChannel::SendAndWait] Error: Channel error: cannot send/recv

1584108308344	mozrunner::runner	INFO	Running command: "C:\\Program Files\\Mozilla Firefox\\firefox.exe" "-marionette" "-foreground" "-no-remote" "-profile" "C:\\Users\\FABIAN~1.BER\\AppData\\Local\\Temp\\rust_mozprofile26uUIw"
1584108308894	addons.webextension.doh-rollout@mozilla.org	WARN	Loading extension 'doh-rollout@mozilla.org': Reading manifest: Invalid extension permission: networkStatus
1584108309438	addons.webextension.screenshots@mozilla.org	WARN	Loading extension 'screenshots@mozilla.org': Reading manifest: Invalid extension permission: mozillaAddons
1584108309438	addons.webextension.screenshots@mozilla.org	WARN	Loading extension 'screenshots@mozilla.org': Reading manifest: Invalid extension permission: telemetry
1584108309439	addons.webextension.screenshots@mozilla.org	WARN	Loading extension 'screenshots@mozilla.org': Reading manifest: Invalid extension permission: resource://pdf.js/
1584108309439	addons.webextension.screenshots@mozilla.org	WARN	Loading extension 'screenshots@mozilla.org': Reading manifest: Invalid extension permission: about:reader*
JavaScript error: resource://gre/modules/XULStore.jsm, line 66: Error: Can't find profile directory.
1584108312514	Marionette	INFO	Listening on port 55339
1584108312671	Marionette	WARN	TLS certificate errors will be ignored for this session
1584108921603	Marionette	INFO	Stopped listening on port 55339

###!!! [Child][RunMessage] Error: Channel closing: too late to send/recv, messages will be lost


###!!! [Child][MessageChannel::SendAndWait] Error: Channel error: cannot send/recv

1584109032669	mozrunner::runner	INFO	Running command: "C:\\Program Files\\Mozilla Firefox\\firefox.exe" "-marionette" "-foreground" "-no-remote" "-profile" "C:\\Users\\FABIAN~1.BER\\AppData\\Local\\Temp\\rust_mozprofile4vaDAX"
1584109033719	addons.webextension.doh-rollout@mozilla.org	WARN	Loading extension 'doh-rollout@mozilla.org': Reading manifest: Invalid extension permission: networkStatus
1584109034304	addons.webextension.screenshots@mozilla.org	WARN	Loading extension 'screenshots@mozilla.org': Reading manifest: Invalid extension permission: mozillaAddons
1584109034304	addons.webextension.screenshots@mozilla.org	WARN	Loading extension 'screenshots@mozilla.org': Reading manifest: Invalid extension permission: telemetry
1584109034304	addons.webextension.screenshots@mozilla.org	WARN	Loading extension 'screenshots@mozilla.org': Reading manifest: Invalid extension permission: resource://pdf.js/
1584109034304	addons.webextension.screenshots@mozilla.org	WARN	Loading extension 'screenshots@mozilla.org': Reading manifest: Invalid extension permission: about:reader*
JavaScript error: resource://gre/modules/XULStore.jsm, line 66: Error: Can't find profile directory.
1584109037478	Marionette	INFO	Listening on port 55827
1584109037615	Marionette	WARN	TLS certificate errors will be ignored for this session
1584109101749	Marionette	INFO	Stopped listening on port 55827

###!!! [Child][RunMessage] Error: Channel closing: too late to send/recv, messages will be lost


###!!! [Child][MessageChannel::SendAndWait] Error: Channel error: cannot send/recv

1584109344806	mozrunner::runner	INFO	Running command: "C:\\Program Files\\Mozilla Firefox\\firefox.exe" "-marionette" "-foreground" "-no-remote" "-profile" "C:\\Users\\FABIAN~1.BER\\AppData\\Local\\Temp\\rust_mozprofileUKGHj5"
1584109345489	addons.webextension.doh-rollout@mozilla.org	WARN	Loading extension 'doh-rollout@mozilla.org': Reading manifest: Invalid extension permission: networkStatus
1584109346001	addons.webextension.screenshots@mozilla.org	WARN	Loading extension 'screenshots@mozilla.org': Reading manifest: Invalid extension permission: mozillaAddons
1584109346001	addons.webextension.screenshots@mozilla.org	WARN	Loading extension 'screenshots@mozilla.org': Reading manifest: Invalid extension permission: telemetry
1584109346001	addons.webextension.screenshots@mozilla.org	WARN	Loading extension 'screenshots@mozilla.org': Reading manifest: Invalid extension permission: resource://pdf.js/
1584109346001	addons.webextension.screenshots@mozilla.org	WARN	Loading extension 'screenshots@mozilla.org': Reading manifest: Invalid extension permission: about:reader*
JavaScript error: resource://gre/modules/XULStore.jsm, line 66: Error: Can't find profile directory.
1584109353018	Marionette	INFO	Listening on port 56076
1584109353051	Marionette	WARN	TLS certificate errors will be ignored for this session
1584109520282	Marionette	INFO	Stopped listening on port 56076

###!!! [Child][RunMessage] Error: Channel closing: too late to send/recv, messages will be lost


###!!! [Child][MessageChannel::SendAndWait] Error: Channel er1584109520780	addons.webextension.doh-rollout@mozilla.org	WARN	Loading extension 'doh-rollout@mozilla.org': Reading manifest: Invalid extension permission: networkStatus
1584109521338	addons.webextension.screenshots@mozilla.org	WARN	Loading extension 'screenshots@mozilla.org': Reading manifest: Invalid extension permission: mozillaAddons
1584109521338	addons.webextension.screenshots@mozilla.org	WARN	Loading extension 'screenshots@mozilla.org': Reading manifest: Invalid extension permission: telemetry
1584109521338	addons.webextension.screenshots@mozilla.org	WARN	Loading extension 'screenshots@mozilla.org': Reading manifest: Invalid extension permission: resource://pdf.js/
1584109521338	addons.webextension.screenshots@mozilla.org	WARN	Loading extension 'screenshots@mozilla.org': Reading manifest: Invalid extension permission: about:reader*
JavaScript error: resource://gre/modules/XULStore.jsm, line 66: Error: Can't find profile directory.
1584109524191	Marionette	INFO	Listening on port 56238
1584109524522	Marionette	WARN	TLS certificate errors will be ignored for this session
1584109924078	Marionette	INFO	Stopped listening on port 56238

###!!! [Child][RunMessage] Error: Channel closing: too late to send/recv, messages will be lost


###!!! [Child][MessageChannel::SendAndWait] Error: Channel error: cannot send/recv

1584109933769	mozrunner::runner	INFO	Running command: "C:\\Program Files\\Mozilla Firefox\\firefox.exe" "-marionette" "-foreground" "-no-remote" "-profile" "C:\\Users\\FABIAN~1.BER\\AppData\\Local\\Temp\\rust_mozprofileD2vqrh"
1584109934748	addons.webextension.doh-rollout@mozilla.org	WARN	Loading extension 'doh-rollout@mozilla.org': Reading manifest: Invalid extension permission: networkStatus
1584109935315	addons.webextension.screenshots@mozilla.org	WARN	Loading extension 'screenshots@mozilla.org': Reading manifest: Invalid extension permission: mozillaAddons
1584109935315	addons.webextension.screenshots@mozilla.org	WARN	Loading extension 'screenshots@mozilla.org': Reading manifest: Invalid extension permission: telemetry
1584109935315	addons.webextension.screenshots@mozilla.org	WARN	Loading extension 'screenshots@mozilla.org': Reading manifest: Invalid extension permission: resource://pdf.js/
1584109935315	addons.webextension.screenshots@mozilla.org	WARN	Loading extension 'screenshots@mozilla.org': Reading manifest: Invalid extension permission: about:reader*
JavaScript error: resource://gre/modules/XULStore.jsm, line 66: Error: Can't find profile directory.
1584109939858	Marionette	INFO	Listening on port 56463
1584109940311	Marionette	WARN	TLS certificate errors will be ignored for this session
1584110050498	Marionette	INFO	Stopped listening on port 56463

###!!! [Child][RunMessage] Error: Channel closing: too late to send/recv, messages will be lost


###!!! [Child][MessageChannel::SendAndWait] Error: Channel error: cannot send/recv

1584117068851	mozrunner::runner	INFO	Running command: "C:\\Program Files\\Mozilla Firefox\\firefox.exe" "-marionette" "-foreground" "-no-remote" "-profile" "C:\\Users\\FABIAN~1.BER\\AppData\\Local\\Temp\\rust_mozprofileWVNVkg"
1584117069816	addons.webextension.doh-rollout@mozilla.org	WARN	Loading extension 'doh-rollout@mozilla.org': Reading manifest: Invalid extension permission: networkStatus
1584117070399	addons.webextension.screenshots@mozilla.org	WARN	Loading extension 'screenshots@mozilla.org': Reading manifest: Invalid extension permission: mozillaAddons
1584117070400	addons.webextension.screenshots@mozilla.org	WARN	Loading extension 'screenshots@mozilla.org': Reading manifest: Invalid extension permission: telemetry
1584117070400	addons.webextension.screenshots@mozilla.org	WARN	Loading extension 'screenshots@mozilla.org': Reading manifest: Invalid extension permission: resource://pdf.js/
1584117070400	addons.webextension.screenshots@mozilla.org	WARN	Loading extension 'screenshots@mozilla.org': Reading manifest: Invalid extension permission: about:reader*
JavaScript error: resource://gre/modules/XULStore.jsm, line 66: Error: Can't find profile directory.
1584117073889	Marionette	INFO	Listening on port 58391
1584117074305	Marionette	WARN	TLS certificate errors will be ignored for this session
1584117195660	Marionette	INFO	Stopped listening on port 58391

###!!! [Child][RunMessage] Error: Channel closing: too late to send/recv, messages will be lost


###!!! [Child][MessageChannel::SendAndWait] Error: Channel error: cannot send/recv

1584117542914	mozrunner::runner	INFO	Running command: "C:\\Program Files\\Mozilla Firefox\\firefox.exe" "-marionette" "-foreground" "-no-remote" "-profile" "C:\\Users\\FABIAN~1.BER\\AppData\\Local\\Temp\\rust_mozprofilen5TtnF"
1584117543785	addons.webextension.doh-rollout@mozilla.org	WARN	Loading extension 'doh-rollout@mozilla.org': Reading manifest: Invalid extension permission: networkStatus
1584117544310	addons.webextension.screenshots@mozilla.org	WARN	Loading extension 'screenshots@mozilla.org': Reading manifest: Invalid extension permission: mozillaAddons
1584117544310	addons.webextension.screenshots@mozilla.org	WARN	Loading extension 'screenshots@mozilla.org': Reading manifest: Invalid extension permission: telemetry
1584117544310	addons.webextension.screenshots@mozilla.org	WARN	Loading extension 'screenshots@mozilla.org': Reading manifest: Invalid extension permission: resource://pdf.js/
1584117544310	addons.webextension.screenshots@mozilla.org	WARN	Loading extension 'screenshots@mozilla.org': Reading manifest: Invalid extension permission: about:reader*
JavaScript error: resource://gre/modules/XULStore.jsm, line 66: Error: Can't find profile directory.
1584117547491	Marionette	INFO	Listening on port 53383
1584117547851	Marionette	WARN	TLS certificate errors will be ignored for this session
1584117678288	Marionette	INFO	Stopped listening on port 53383

###!!! [Child][RunMessage] Error: Channel closing: too late to send/recv, messages will be lost


###!!! [Child][MessageChannel::SendAndWait] Error: Channel error: cannot send/recv

1584118025361	mozrunner::runner	INFO	Running command: "C:\\Program Files\\Mozilla Firefox\\firefox.exe" "-marionette" "-foreground" "-no-remote" "-profile" "C:\\Users\\FABIAN~1.BER\\AppData\\Local\\Temp\\rust_mozprofilehdx54F"
1584118025873	addons.webextension.doh-rollout@mozilla.org	WARN	Loading extension 'doh-rollout@mozilla.org': Reading manifest: Invalid extension permission: networkStatus
1584118026386	addons.webextension.screenshots@mozilla.org	WARN	Loading extension 'screenshots@mozilla.org': Reading manifest: Invalid extension permission: mozillaAddons
1584118026386	addons.webextension.screenshots@mozilla.org	WARN	Loading extension 'screenshots@mozilla.org': Reading manifest: Invalid extension permission: telemetry
1584118026386	addons.webextension.screenshots@mozilla.org	WARN	Loading extension 'screenshots@mozilla.org': Reading manifest: Invalid extension permission: resource://pdf.js/
1584118026387	addons.webextension.screenshots@mozilla.org	WARN	Loading extension 'screenshots@mozilla.org': Reading manifest: Invalid extension permission: about:reader*
JavaScript error: resource://gre/modules/XULStore.jsm, line 66: Error: Can't find profile directory.
1584118029686	Marionette	INFO	Listening on port 53734
1584118029845	Marionette	WARN	TLS certificate errors will be ignored for this session
1584118066562	Marionette	INFO	Stopped listening on port 53734

###!!! [Child][RunMessage] Error: Channel closing: too late to send/recv, messages will be lost


###!!! [Child][MessageChannel::SendAndWait] Error: Channel error: cannot send/recv

1584118179296	mozrunner::runner	INFO	Running command: "C:\\Program Files\\Mozilla Firefox\\firefox.exe" "-marionette" "-foreground" "-no-remote" "-profile" "C:\\Users\\FABIAN~1.BER\\AppData\\Local\\Temp\\rust_mozprofileaRpqcz"
1584118180193	addons.webextension.doh-rollout@mozilla.org	WARN	Loading extension 'doh-rollout@mozilla.org': Reading manifest: Invalid extension permission: networkStatus
1584118180725	addons.webextension.screenshots@mozilla.org	WARN	Loading extension 'screenshots@mozilla.org': Reading manifest: Invalid extension permission: mozillaAddons
1584118180726	addons.webextension.screenshots@mozilla.org	WARN	Loading extension 'screenshots@mozilla.org': Reading manifest: Invalid extension permission: telemetry
1584118180726	addons.webextension.screenshots@mozilla.org	WARN	Loading extension 'screenshots@mozilla.org': Reading manifest: Invalid extension permission: resource://pdf.js/
1584118180726	addons.webextension.screenshots@mozilla.org	WARN	Loading extension 'screenshots@mozilla.org': Reading manifest: Invalid extension permission: about:reader*
JavaScript error: resource://gre/modules/XULStore.jsm, line 66: Error: Can't find profile directory.
1584118183959	Marionette	INFO	Listening on port 53856
1584118184232	Marionette	WARN	TLS certificate errors will be ignored for this session
[Parent 43544, Gecko_IOThread] WARNING: file z:/task_1583751780/build/src/ipc/chromium/src/base/process_util_win.cc, line 160
1584118432531	Marionette	INFO	Stopped listening on port 53856

###!!! [Child][RunMessage] Error: Channel closing: too late to send/recv, messages will be lost


###!!! [Child][MessageChannel::SendAndWait] Error: Channel error: cannot send/recv

1584119313765	mozrunner::runner	INFO	Running command: "C:\\Program Files\\Mozilla Firefox\\firefox.exe" "-marionette" "-foreground" "-no-remote" "-profile" "C:\\Users\\FABIAN~1.BER\\AppData\\Local\\Temp\\rust_mozprofileeWpg2T"
1584119314726	addons.webextension.doh-rollout@mozilla.org	WARN	Loading extension 'doh-rollout@mozilla.org': Reading manifest: Invalid extension permission: networkStatus
1584119315291	addons.webextension.screenshots@mozilla.org	WARN	Loading extension 'screenshots@mozilla.org': Reading manifest: Invalid extension permission: mozillaAddons
1584119315291	addons.webextension.screenshots@mozilla.org	WARN	Loading extension 'screenshots@mozilla.org': Reading manifest: Invalid extension permission: telemetry
1584119315291	addons.webextension.screenshots@mozilla.org	WARN	Loading extension 'screenshots@mozilla.org': Reading manifest: Invalid extension permission: resource://pdf.js/
1584119315291	addons.webextension.screenshots@mozilla.org	WARN	Loading extension 'screenshots@mozilla.org': Reading manifest: Invalid extension permission: about:reader*
JavaScript error: resource://gre/modules/XULStore.jsm, line 66: Error: Can't find profile directory.
1584119318523	Marionette	INFO	Listening on port 54416
1584119318714	Marionette	WARN	TLS certificate errors will be ignored for this session
1584119542136	Marionette	INFO	Stopped listening on port 54416

###!!! [Child][RunMessage] Error: Channel closing: too late to send/recv, messages will be lost


###!!! [Child][MessageChannel::SendAndWait] Error: Channel error: cannot send/recv

xtension.doh-rollout@mozilla.org	WARN	Loading extension 'doh-rollout@mozilla.org': Reading manifest: Invalid extension permission: networkStatus
1584119476202	addons.webextension.screenshots@mozilla.org	WARN	Loading extension 'screenshots@mozilla.org': Reading manifest: Invalid extension permission: mozillaAddons
1584119476202	addons.webextension.screenshots@mozilla.org	WARN	Loading extension 'screenshots@mozilla.org': Reading manifest: Invalid extension permission: telemetry
1584119476202	addons.webextension.screenshots@mozilla.org	WARN	Loading extension 'screenshots@mozilla.org': Reading manifest: Invalid extension permission: resource://pdf.js/
1584119476202	addons.webextension.screenshots@mozilla.org	WARN	Loading extension 'screenshots@mozilla.org': Reading manifest: Invalid extension permission: about:reader*
JavaScript error: resource://gre/modules/XULStore.jsm, line 66: Error: Can't find profile directory.
1584119478931	Marionette	INFO	Listening on port 54552
1584119478967	Marionette	WARN	TLS certificate errors will be ignored for this session
1584119547634	Marionette	INFO	Stopped listening on port 54552

###!!! [Child][RunMessage] Error: Channel closing: too late to send/recv, messages will be lost


###!!! [Child][MessageChannel::SendAndWait] Error: Channel error: cannot send/recv

1584119692399	mozrunner::runner	INFO	Running command: "C:\\Program Files\\Mozilla Firefox\\firefox.exe" "-marionette" "-foreground" "-no-remote" "-profile" "C:\\Users\\FABIAN~1.BER\\AppData\\Local\\Temp\\rust_mozprofileWUMX5h"
1584119693491	addons.webextension.doh-rollout@mozilla.org	WARN	Loading extension 'doh-rollout@mozilla.org': Reading manifest: Invalid extension permission: networkStatus
1584119694143	addons.webextension.screenshots@mozilla.org	WARN	Loading extension 'screenshots@mozilla.org': Reading manifest: Invalid extension permission: mozillaAddons
1584119694143	addons.webextension.screenshots@mozilla.org	WARN	Loading extension 'screenshots@mozilla.org': Reading manifest: Invalid extension permission: telemetry
1584119694143	addons.webextension.screenshots@mozilla.org	WARN	Loading extension 'screenshots@mozilla.org': Reading manifest: Invalid extension permission: resource://pdf.js/
1584119694143	addons.webextension.screenshots@mozilla.org	WARN	Loading extension 'screenshots@mozilla.org': Reading manifest: Invalid extension permission: about:reader*
JavaScript error: resource://gre/modules/XULStore.jsm, line 66: Error: Can't find profile directory.
1584119697742	Marionette	INFO	Listening on port 54904
1584119697834	Marionette	WARN	TLS certificate errors will be ignored for this session
1584119841491	Marionette	INFO	Stopped listening on port 54904

###!!! [Child][RunMessage] Error: Channel closing: too late to send/recv, messages will be lost


###!!! [Child][MessageChannel::SendAndWait] Error: Channel error: cannot send/recv

1584120052050	mozrunner::runner	INFO	Running command: "C:\\Program Files\\Mozilla Firefox\\firefox.exe" "-marionette" "-foreground" "-no-remote" "-profile" "C:\\Users\\FABIAN~1.BER\\AppData\\Local\\Temp\\rust_mozprofileJQJa9M"
1584120055459	addons.webextension.doh-rollout@mozilla.org	WARN	Loading extension 'doh-rollout@mozilla.org': Reading manifest: Invalid extension permission: networkStatus
1584120056060	addons.webextension.screenshots@mozilla.org	WARN	Loading extension 'screenshots@mozilla.org': Reading manifest: Invalid extension permission: mozillaAddons
1584120056060	addons.webextension.screenshots@mozilla.org	WARN	Loading extension 'screenshots@mozilla.org': Reading manifest: Invalid extension permission: telemetry
1584120056060	addons.webextension.screenshots@mozilla.org	WARN	Loading extension 'screenshots@mozilla.org': Reading manifest: Invalid extension permission: resource://pdf.js/
1584120056060	addons.webextension.screenshots@mozilla.org	WARN	Loading extension 'screenshots@mozilla.org': Reading manifest: Invalid extension permission: about:reader*
JavaScript error: resource://gre/modules/XULStore.jsm, line 66: Error: Can't find profile directory.
1584120060069	Marionette	INFO	Listening on port 55150
1584120060419	Marionette	WARN	TLS certificate errors will be ignored for this session
1584120077494	Marionette	INFO	Stopped listening on port 55150

###!!! [Child][RunMessage] Error: Channel closing: too late to send/recv, messages will be lost


###!!! [Child][MessageChannel::SendAndWait] Error: Channel error: cannot send/recv

1584120093197	mozrunner::runner	INFO	Running command: "C:\\Program Files\\Mozilla Firefox\\firefox.exe" "-marionette" "-foreground" "-no-remote" "-profile" "C:\\Users\\FABIAN~1.BER\\AppData\\Local\\Temp\\rust_mozprofilew7grvG"
1584120095030	addons.webextension.doh-rollout@mozilla.org	WARN	Loading extension 'doh-rollout@mozilla.org': Reading manifest: Invalid extension permission: networkStatus
1584120097248	addons.webextension.screenshots@mozilla.org	WARN	Loading extension 'screenshots@mozilla.org': Reading manifest: Invalid extension permission: mozillaAddons
1584120097248	addons.webextension.screenshots@mozilla.org	WARN	Loading extension 'screenshots@mozilla.org': Reading manifest: Invalid extension permission: telemetry
1584120097248	addons.webextension.screenshots@mozilla.org	WARN	Loading extension 'screenshots@mozilla.org': Reading manifest: Invalid extension permission: resource://pdf.js/
1584120097248	addons.webextension.screenshots@mozilla.org	WARN	Loading extension 'screenshots@mozilla.org': Reading manifest: Invalid extension permission: about:reader*
JavaScript error: resource://gre/modules/XULStore.jsm, line 66: Error: Can't find profile directory.
1584120100155	Marionette	INFO	Listening on port 55256
1584120100348	Marionette	WARN	TLS certificate errors will be ignored for this session
1584120164473	Marionette	INFO	Stopped listening on port 55256

###!!! [Child][RunMessage] Error: Channel closing: too late to send/recv, messages will be lost


###!!! [Child][MessageChannel::SendAndWait] Error: Channel error: cannot send/recv

1584120170142	mozrunner::runner	INFO	Running command: "C:\\Program Files\\Mozilla Firefox\\firefox.exe" "-marionette" "-foreground" "-no-remote" "-profile" "C:\\Users\\FABIAN~1.BER\\AppData\\Local\\Temp\\rust_mozprofileMSCcAa"
1584120171022	addons.webextension.doh-rollout@mozilla.org	WARN	Loading extension 'doh-rollout@mozilla.org': Reading manifest: Invalid extension permission: networkStatus
1584120171627	addons.webextension.screenshots@mozilla.org	WARN	Loading extension 'screenshots@mozilla.org': Reading manifest: Invalid extension permission: mozillaAddons
1584120171628	addons.webextension.screenshots@mozilla.org	WARN	Loading extension 'screenshots@mozilla.org': Reading manifest: Invalid extension permission: telemetry
1584120171628	addons.webextension.screenshots@mozilla.org	WARN	Loading extension 'screenshots@mozilla.org': Reading manifest: Invalid extension permission: resource://pdf.js/
1584120171628	addons.webextension.screenshots@mozilla.org	WARN	Loading extension 'screenshots@mozilla.org': Reading manifest: Invalid extension permission: about:reader*
JavaScript error: resource://gre/modules/XULStore.jsm, line 66: Error: Can't find profile directory.
1584120175248	Marionette	INFO	Listening on port 55424
1584120175576	Marionette	WARN	TLS certificate errors will be ignored for this session
1584120258933	Marionette	INFO	Stopped listening on port 55424

###!!! [Child][MessageChannel::SendAndWait] Error: Channel error: cannot send/recv

1584120272621	mozrunner::runner	INFO	Running command: "C:\\Program Files\\Mozilla Firefox\\firefox.exe" "-marionette" "-foreground" "-no-remote" "-profile" "C:\\Users\\FABIAN~1.BER\\AppData\\Local\\Temp\\rust_mozprofileSAHhGQ"
1584120273496	addons.webextension.doh-rollout@mozilla.org	WARN	Loading extension 'doh-rollout@mozilla.org': Reading manifest: Invalid extension permission: networkStatus
1584120274038	addons.webextension.screenshots@mozilla.org	WARN	Loading extension 'screenshots@mozilla.org': Reading manifest: Invalid extension permission: mozillaAddons
1584120274038	addons.webextension.screenshots@mozilla.org	WARN	Loading extension 'screenshots@mozilla.org': Reading manifest: Invalid extension permission: telemetry
1584120274039	addons.webextension.screenshots@mozilla.org	WARN	Loading extension 'screenshots@mozilla.org': Reading manifest: Invalid extension permission: resource://pdf.js/
1584120274039	addons.webextension.screenshots@mozilla.org	WARN	Loading extension 'screenshots@mozilla.org': Reading manifest: Invalid extension permission: about:reader*
JavaScript error: resource://gre/modules/XULStore.jsm, line 66: Error: Can't find profile directory.
1584120276888	Marionette	INFO	Listening on port 59100
1584120276969	Marionette	WARN	TLS certificate errors will be ignored for this session
1584120321094	Marionette	INFO	Stopped listening on port 59100

###!!! [Child][RunMessage] Error: Channel closing: too late to send/recv, messages will be lost


###!!! [Child][MessageChannel::SendAndWait] Error: Channel error: cannot send/recv

1584120345829	mozrunner::runner	INFO	Running command: "C:\\Program Files\\Mozilla Firefox\\firefox.exe" "-marionette" "-foreground" "-no-remote" "-profile" "C:\\Users\\FABIAN~1.BER\\AppData\\Local\\Temp\\rust_mozprofile0LnaWC"
1584120346343	addons.webextension.doh-rollout@mozilla.org	WARN	Loading extension 'doh-rollout@mozilla.org': Reading manifest: Invalid extension permission: networkStatus
1584120346906	addons.webextension.screenshots@mozilla.org	WARN	Loading extension 'screenshots@mozilla.org': Reading manifest: Invalid extension permission: mozillaAddons
1584120346906	addons.webextension.screenshots@mozilla.org	WARN	Loading extension 'screenshots@mozilla.org': Reading manifest: Invalid extension permission: telemetry
1584120346906	addons.webextension.screenshots@mozilla.org	WARN	Loading extension 'screenshots@mozilla.org': Reading manifest: Invalid extension permission: resource://pdf.js/
1584120346906	addons.webextension.screenshots@mozilla.org	WARN	Loading extension 'screenshots@mozilla.org': Reading manifest: Invalid extension permission: about:reader*
JavaScript error: resource://gre/modules/XULStore.jsm, line 66: Error: Can't find profile directory.
1584120349809	Marionette	INFO	Listening on port 59213
1584120350155	Marionette	WARN	TLS certificate errors will be ignored for this session
1584120419236	Marionette	INFO	Stopped listening on port 59213

###!!! [Child][MessageChannel::SendAndWait] Error: Channel error: cannot send/recv

1584120424664	mozrunner::runner	INFO	Running command: "C:\\Program Files\\Mozilla Firefox\\firefox.exe" "-marionette" "-foreground" "-no-remote" "-profile" "C:\\Users\\FABIAN~1.BER\\AppData\\Local\\Temp\\rust_mozprofilewDmMQa"
1584120428719	addons.webextension.doh-rollout@mozilla.org	WARN	Loading extension 'doh-rollout@mozilla.org': Reading manifest: Invalid extension permission: networkStatus
1584120432672	addons.webextension.screenshots@mozilla.org	WARN	Loading extension 'screenshots@mozilla.org': Reading manifest: Invalid extension permission: mozillaAddons
1584120432673	addons.webextension.screenshots@mozilla.org	WARN	Loading extension 'screenshots@mozilla.org': Reading manifest: Invalid extension permission: telemetry
1584120432673	addons.webextension.screenshots@mozilla.org	WARN	Loading extension 'screenshots@mozilla.org': Reading manifest: Invalid extension permission: resource://pdf.js/
1584120432673	addons.webextension.screenshots@mozilla.org	WARN	Loading extension 'screenshots@mozilla.org': Reading manifest: Invalid extension permission: about:reader*
JavaScript error: resource://gre/modules/XULStore.jsm, line 66: Error: Can't find profile directory.
1584120440252	Marionette	INFO	Listening on port 59381
1584120440649	Marionette	WARN	TLS certificate errors will be ignored for this session
1584120506892	Marionette	INFO	Stopped listening on port 59381

###!!! [Child][RunMessage] Error: Channel closing: too late to send/recv, messages will be lost


###!!! [Child][MessageChannel::SendAndWait] Error: Channel error: cannot send/recv

1584120522630	mozrunner::runner	INFO	Running command: "C:\\Program Files\\Mozilla Firefox\\firefox.exe" "-marionette" "-foreground" "-no-remote" "-profile" "C:\\Users\\FABIAN~1.BER\\AppData\\Local\\Temp\\rust_mozprofileJ2Pt5S"
1584120523137	addons.webextension.doh-rollout@mozilla.org	WARN	Loading extension 'doh-rollout@mozilla.org': Reading manifest: Invalid extension permission: networkStatus
1584120523681	addons.webextension.screenshots@mozilla.org	WARN	Loading extension 'screenshots@mozilla.org': Reading manifest: Invalid extension permission: mozillaAddons
1584120523681	addons.webextension.screenshots@mozilla.org	WARN	Loading extension 'screenshots@mozilla.org': Reading manifest: Invalid extension permission: telemetry
1584120523681	addons.webextension.screenshots@mozilla.org	WARN	Loading extension 'screenshots@mozilla.org': Reading manifest: Invalid extension permission: resource://pdf.js/
1584120523681	addons.webextension.screenshots@mozilla.org	WARN	Loading extension 'screenshots@mozilla.org': Reading manifest: Invalid extension permission: about:reader*
JavaScript error: resource://gre/modules/XULStore.jsm, line 66: Error: Can't find profile directory.
1584120526469	Marionette	INFO	Listening on port 59531
1584120526966	Marionette	WARN	TLS certificate errors will be ignored for this session
1584120559292	Marionette	INFO	Stopped listening on port 59531

###!!! [Child][RunMessage] Error: Channel closing: too late to send/recv, messages will be lost


###!!! [Child][MessageChannel::SendAndWait] Error: Channel error: cannot send/recv

1584120573265	mozrunner::runner	INFO	Running command: "C:\\Program Files\\Mozilla Firefox\\firefox.exe" "-marionette" "-foreground" "-no-remote" "-profile" "C:\\Users\\FABIAN~1.BER\\AppData\\Local\\Temp\\rust_mozprofilermtTcW"
1584120574076	addons.webextension.doh-rollout@mozilla.org	WARN	Loading extension 'doh-rollout@mozilla.org': Reading manifest: Invalid extension permission: networkStatus
1584120574615	addons.webextension.screenshots@mozilla.org	WARN	Loading extension 'screenshots@mozilla.org': Reading manifest: Invalid extension permission: mozillaAddons
1584120574615	addons.webextension.screenshots@mozilla.org	WARN	Loading extension 'screenshots@mozilla.org': Reading manifest: Invalid extension permission: telemetry
1584120574615	addons.webextension.screenshots@mozilla.org	WARN	Loading extension 'screenshots@mozilla.org': Reading manifest: Invalid extension permission: resource://pdf.js/
1584120574615	addons.webextension.screenshots@mozilla.org	WARN	Loading extension 'screenshots@mozilla.org': Reading manifest: Invalid extension permission: about:reader*
JavaScript error: resource://gre/modules/XULStore.jsm, line 66: Error: Can't find profile directory.
1584120577563	Marionette	INFO	Listening on port 59632
1584120577590	Marionette	WARN	TLS certificate errors will be ignored for this session
1584120886903	Marionette	INFO	Stopped listening on port 59632

###!!! [Child][MessageChannel::SendAndWait] Error: Channel error: cannot send/recv

1584120904023	mozrunner::runner	INFO	Running command: "C:\\Program Files\\Mozilla Firefox\\firefox.exe" "-marionette" "-foreground" "-no-remote" "-profile" "C:\\Users\\FABIAN~1.BER\\AppData\\Local\\Temp\\rust_mozprofileR2evcz"
1584120905454	addons.webextension.doh-rollout@mozilla.org	WARN	Loading extension 'doh-rollout@mozilla.org': Reading manifest: Invalid extension permission: networkStatus
1584120906085	addons.webextension.screenshots@mozilla.org	WARN	Loading extension 'screenshots@mozilla.org': Reading manifest: Invalid extension permission: mozillaAddons
1584120906086	addons.webextension.screenshots@mozilla.org	WARN	Loading extension 'screenshots@mozilla.org': Reading manifest: Invalid extension permission: telemetry
1584120906086	addons.webextension.screenshots@mozilla.org	WARN	Loading extension 'screenshots@mozilla.org': Reading manifest: Invalid extension permission: resource://pdf.js/
1584120906086	addons.webextension.screenshots@mozilla.org	WARN	Loading extension 'screenshots@mozilla.org': Reading manifest: Invalid extension permission: about:reader*
JavaScript error: resource://gre/modules/XULStore.jsm, line 66: Error: Can't find profile directory.
1584120909211	Marionette	INFO	Listening on port 59931
1584120909459	Marionette	WARN	TLS certificate errors will be ignored for this session
[Parent 12768, Gecko_IOThread] WARNING: file z:/task_1583751780/build/src/ipc/chromium/src/base/process_util_win.cc, line 160
[Parent 12768, Gecko_IOThread] WARNING: file z:/task_1583751780/build/src/ipc/chromium/src/base/process_util_win.cc, line 160
1584120998267	Marionette	INFO	Stopped listening on port 59931

###!!! [Child][RunMessage] Error: Channel closing: too late to send/recv, messages will be lost


###!!! [Child][MessageChannel::SendAndWait] Error: Channel error: cannot send/recv

1584121007859	mozrunner::runner	INFO	Running command: "C:\\Program Files\\Mozilla Firefox\\firefox.exe" "-marionette" "-foreground" "-no-remote" "-profile" "C:\\Users\\FABIAN~1.BER\\AppData\\Local\\Temp\\rust_mozprofiletjaAnG"
1584121008641	addons.webextension.doh-rollout@mozilla.org	WARN	Loading extension 'doh-rollout@mozilla.org': Reading manifest: Invalid extension permission: networkStatus
1584121009169	addons.webextension.screenshots@mozilla.org	WARN	Loading extension 'screenshots@mozilla.org': Reading manifest: Invalid extension permission: mozillaAddons
1584121009170	addons.webextension.screenshots@mozilla.org	WARN	Loading extension 'screenshots@mozilla.org': Reading manifest: Invalid extension permission: telemetry
1584121009170	addons.webextension.screenshots@mozilla.org	WARN	Loading extension 'screenshots@mozilla.org': Reading manifest: Invalid extension permission: resource://pdf.js/
1584121009170	addons.webextension.screenshots@mozilla.org	WARN	Loading extension 'screenshots@mozilla.org': Reading manifest: Invalid extension permission: about:reader*
JavaScript error: resource://gre/modules/XULStore.jsm, line 66: Error: Can't find profile directory.
1584121011996	Marionette	INFO	Listening on port 60101
1584121012187	Marionette	WARN	TLS certificate errors will be ignored for this session
1584121330258	Marionette	INFO	Stopped listening on port 60101

###!!! [Child][MessageChannel::SendAndWait] Error: Channel error: cannot send/recv

1584121573388	mozrunner::runner	INFO	Running command: "C:\\Program Files\\Mozilla Firefox\\firefox.exe" "-marionette" "-foreground" "-no-remote" "-profile" "C:\\Users\\FABIAN~1.BER\\AppData\\Local\\Temp\\rust_mozprofile66s60p"
1584121574329	addons.webextension.doh-rollout@mozilla.org	WARN	Loading extension 'doh-rollout@mozilla.org': Reading manifest: Invalid extension permission: networkStatus
1584121574847	addons.webextension.screenshots@mozilla.org	WARN	Loading extension 'screenshots@mozilla.org': Reading manifest: Invalid extension permission: mozillaAddons
1584121574847	addons.webextension.screenshots@mozilla.org	WARN	Loading extension 'screenshots@mozilla.org': Reading manifest: Invalid extension permission: telemetry
1584121574848	addons.webextension.screenshots@mozilla.org	WARN	Loading extension 'screenshots@mozilla.org': Reading manifest: Invalid extension permission: resource://pdf.js/
1584121574848	addons.webextension.screenshots@mozilla.org	WARN	Loading extension 'screenshots@mozilla.org': Reading manifest: Invalid extension permission: about:reader*
JavaScript error: resource://gre/modules/XULStore.jsm, line 66: Error: Can't find profile directory.
1584121577768	Marionette	INFO	Listening on port 60462
1584121577816	Marionette	WARN	TLS certificate errors will be ignored for this session
1584121607626	Marionette	INFO	Stopped listening on port 60462

###!!! [Child][RunMessage] Error: Channel closing: too late to send/recv, messages will be lost


###!!! [Child][MessageChannel::SendAndWait] Error: Channel error: cannot send/recv

1584209455146	geckodriver	INFO	geckodriver 0.21.0 (c7d3022be6420de1ca4076d932aa32b299f3ea10 2018-06-14)
1584209455170	geckodriver	INFO	Listening on 127.0.0.1:62679
1584209458093	mozrunner::runner	INFO	Running command: "C:\\Program Files\\Mozilla Firefox\\firefox.exe" "-marionette" "-foreground" "-no-remote" "-profile" "C:\\Users\\FABIAN~1\\AppData\\Local\\Temp\\rust_mozprofile.yZzzs0a2ZEI6"
1584209601305	geckodriver	INFO	geckodriver 0.21.0 (c7d3022be6420de1ca4076d932aa32b299f3ea10 2018-06-14)
1584209601324	geckodriver	INFO	Listening on 127.0.0.1:62784
1584209604234	mozrunner::runner	INFO	Running command: "C:\\Program Files\\Mozilla Firefox\\firefox.exe" "-marionette" "-foreground" "-no-remote" "-profile" "C:\\Users\\FABIAN~1\\AppData\\Local\\Temp\\rust_mozprofile.1TiQQs8G9lbM"
1584209605692	addons.webextension.doh-rollout@mozilla.org	WARN	Loading extension 'doh-rollout@mozilla.org': Reading manifest: Invalid extension permission: networkStatus
1584209606633	addons.webextension.screenshots@mozilla.org	WARN	Loading extension 'screenshots@mozilla.org': Reading manifest: Invalid extension permission: mozillaAddons
1584209606633	addons.webextension.screenshots@mozilla.org	WARN	Loading extension 'screenshots@mozilla.org': Reading manifest: Invalid extension permission: telemetry
1584209606633	addons.webextension.screenshots@mozilla.org	WARN	Loading extension 'screenshots@mozilla.org': Reading manifest: Invalid extension permission: resource://pdf.js/
1584209606633	addons.webextension.screenshots@mozilla.org	WARN	Loading extension 'screenshots@mozilla.org': Reading manifest: Invalid extension permission: about:reader*
1584209606755	Marionette	TRACE	Received observer notification profile-after-change
1584209607018	Marionette	TRACE	Received observer notification toplevel-window-ready
1584209607093	Marionette	TRACE	Received observer notification command-line-startup
1584209607094	Marionette	DEBUG	Init aborted (running=false, enabled=true, finalUIStartup=false)
1584209607275	Marionette	TRACE	Received observer notification toplevel-window-ready
JavaScript error: resource://gre/modules/XULStore.jsm, line 66: Error: Can't find profile directory.
1584209611489	Marionette	TRACE	Received observer notification marionette-startup-requested
1584209611489	Marionette	TRACE	Waiting until startup recorder finished recording startup scripts...
1584209611534	Marionette	TRACE	All scripts recorded.
1584209611534	Marionette	DEBUG	Setting recommended pref app.update.disabledForTesting to true
1584209611534	Marionette	DEBUG	Setting recommended pref apz.content_response_timeout to 60000
1584209611535	Marionette	DEBUG	Setting recommended pref browser.contentblocking.introCount to 99
1584209611535	Marionette	DEBUG	Setting recommended pref browser.download.panel.shown to true
1584209611535	Marionette	DEBUG	Setting recommended pref browser.newtabpage.enabled to false
1584209611537	Marionette	DEBUG	Setting recommended pref browser.pagethumbnails.capturing_disabled to true
1584209611537	Marionette	DEBUG	Setting recommended pref browser.search.update to false
1584209611538	Marionette	DEBUG	Setting recommended pref browser.tabs.disableBackgroundZombification to false
1584209611538	Marionette	DEBUG	Setting recommended pref browser.tabs.remote.separatePrivilegedContentProcess to false
1584209611538	Marionette	DEBUG	Setting recommended pref browser.tabs.unloadOnLowMemory to false
1584209611538	Marionette	DEBUG	Setting recommended pref browser.tabs.warnOnCloseOtherTabs to false
1584209611538	Marionette	DEBUG	Setting recommended pref browser.tabs.warnOnOpen to false
1584209611539	Marionette	DEBUG	Setting recommended pref browser.usedOnWindows10.introURL to 
1584209611539	Marionette	DEBUG	Setting recommended pref browser.urlbar.suggest.searches to false
1584209611541	Marionette	DEBUG	Setting recommended pref datareporting.policy.dataSubmissionPolicyAccepted to false
1584209611541	Marionette	DEBUG	Setting recommended pref dom.disable_beforeunload to true
1584209611542	Marionette	DEBUG	Setting recommended pref dom.disable_open_during_load to false
1584209611544	Marionette	DEBUG	Setting recommended pref dom.file.createInChild to true
1584209611544	Marionette	DEBUG	Setting recommended pref dom.max_chrome_script_run_time to 0
1584209611545	Marionette	DEBUG	Setting recommended pref dom.max_script_run_time to 0
1584209611549	Marionette	DEBUG	Setting recommended pref dom.push.connection.enabled to false
1584209611549	Marionette	DEBUG	Setting recommended pref extensions.getAddons.cache.enabled to false
1584209611550	Marionette	DEBUG	Setting recommended pref extensions.webservice.discoverURL to http://%(server)s/dummy/discoveryURL
1584209611550	Marionette	DEBUG	Setting recommended pref network.http.prompt-temp-redirect to false
1584209611552	Marionette	DEBUG	Setting recommended pref network.http.speculative-parallel-limit to 0
1584209611552	Marionette	DEBUG	Setting recommended pref privacy.trackingprotection.enabled to false
1584209611552	Marionette	DEBUG	Setting recommended pref security.certerrors.mitm.priming.enabled to false
1584209611553	Marionette	DEBUG	Setting recommended pref security.fileuri.strict_origin_policy to false
1584209611553	Marionette	DEBUG	Setting recommended pref security.notification_enable_delay to 0
1584209611554	Marionette	DEBUG	Setting recommended pref signon.autofillForms to false
1584209611555	Marionette	DEBUG	Setting recommended pref signon.rememberSignons to false
1584209611555	Marionette	DEBUG	Setting recommended pref toolkit.cosmeticAnimations.enabled to false
1584209611695	Marionette	INFO	Listening on port 62792
1584209611695	Marionette	DEBUG	Marionette is listening
1584209612286	Marionette	DEBUG	Accepted connection 0 from 127.0.0.1:62809
1584209612316	Marionette	DEBUG	0 -> [0,1,"WebDriver:NewSession",{"acceptInsecureCerts":true,"browserName":"firefox","capabilities":{"desiredCapabilities":{"acceptInsecureCerts":true,"browserName":"firefox"}}}]
1584209612317	Marionette	WARN	TLS certificate errors will be ignored for this session
1584209612419	Marionette	TRACE	[19] Frame script loaded
1584209612429	Marionette	TRACE	[19] Frame script registered
1584209612443	Marionette	DEBUG	0 <- [1,1,null,{"sessionId":"f3f89ffe-d353-460c-a5a2-9dbbd8278018","capabilities":{"browserName":"firefox","browserVersion":"74.0" ... alse,"moz:webdriverClick":true,"capabilities":{"desiredCapabilities":{"acceptInsecureCerts":true,"browserName":"firefox"}}}}]
1584209612469	Marionette	DEBUG	0 -> [0,2,"WebDriver:SetTimeouts",{"implicit":5000}]
1584209612469	Marionette	DEBUG	0 <- [1,2,null,{"value":null}]
1584209612472	Marionette	DEBUG	0 -> [0,3,"WebDriver:Navigate",{"url":"http://rpachallenge.com/"}]
1584209612486	Marionette	TRACE	[19] Received DOM event beforeunload for about:blank
1584209613470	Marionette	TRACE	[19] Received DOM event pagehide for about:blank
1584209640403	Marionette	TRACE	[19] Received DOM event DOMContentLoaded for http://rpachallenge.com/
1584209641341	Marionette	TRACE	[19] Received DOM event pageshow for http://rpachallenge.com/
1584209641345	Marionette	DEBUG	0 <- [1,3,null,{"value":null}]
1584209641357	Marionette	DEBUG	0 -> [0,4,"WebDriver:GetCurrentURL",{}]
1584209641358	Marionette	DEBUG	0 <- [1,4,null,{"value":"http://rpachallenge.com/"}]
1584209641575	Marionette	DEBUG	0 -> [0,5,"WebDriver:GetCurrentURL",{}]
1584209641575	Marionette	DEBUG	0 <- [1,5,null,{"value":"http://rpachallenge.com/"}]
1584209641583	Marionette	DEBUG	0 -> [0,6,"WebDriver:FindElement",{"using":"xpath","value":"//button[@class='waves-effect col s12 m12 l12 btn-large uiColorButton']"}]
1584209641598	Marionette	DEBUG	0 <- [1,6,null,{"value":{"element-6066-11e4-a52e-4f735466cecf":"e49beb81-f5bd-4ccd-8b54-d8875d778963"}}]
1584209641603	Marionette	DEBUG	0 -> [0,7,"WebDriver:FindElement",{"using":"xpath","value":"//button[@class='waves-effect col s12 m12 l12 btn-large uiColorButton']"}]
1584209641609	Marionette	DEBUG	0 <- [1,7,null,{"value":{"element-6066-11e4-a52e-4f735466cecf":"e49beb81-f5bd-4ccd-8b54-d8875d778963"}}]
1584209641613	Marionette	DEBUG	0 -> [0,8,"WebDriver:ElementClick",{"id":"e49beb81-f5bd-4ccd-8b54-d8875d778963"}]
1584209641946	Marionette	DEBUG	[19] Canceled page load listener because no navigation has been detected
1584209641947	Marionette	DEBUG	0 <- [1,8,null,{"value":null}]
1584209733331	Marionette	DEBUG	Closed connection 0
1584209733847	Marionette	TRACE	Received observer notification xpcom-will-shutdown
1584209733847	Marionette	DEBUG	Resetting recommended pref app.update.disabledForTesting
1584209733847	Marionette	DEBUG	Resetting recommended pref apz.content_response_timeout
1584209733848	Marionette	DEBUG	Resetting recommended pref browser.contentblocking.introCount
1584209733848	Marionette	DEBUG	Resetting recommended pref browser.download.panel.shown
1584209733848	Marionette	DEBUG	Resetting recommended pref browser.newtabpage.enabled
1584209733849	Marionette	DEBUG	Resetting recommended pref browser.pagethumbnails.capturing_disabled
1584209733850	Marionette	DEBUG	Resetting recommended pref browser.search.update
1584209733850	Marionette	DEBUG	Resetting recommended pref browser.tabs.disableBackgroundZombification
1584209733851	Marionette	DEBUG	Resetting recommended pref browser.tabs.remote.separatePrivilegedContentProcess
1584209733851	Marionette	DEBUG	Resetting recommended pref browser.tabs.unloadOnLowMemory
1584209733851	Marionette	DEBUG	Resetting recommended pref browser.tabs.warnOnCloseOtherTabs
1584209733852	Marionette	DEBUG	Resetting recommended pref browser.tabs.warnOnOpen
1584209733852	Marionette	DEBUG	Resetting recommended pref browser.usedOnWindows10.introURL
1584209733852	Marionette	DEBUG	Resetting recommended pref browser.urlbar.suggest.searches
1584209733853	Marionette	DEBUG	Resetting recommended pref datareporting.policy.dataSubmissionPolicyAccepted
1584209733853	Marionette	DEBUG	Resetting recommended pref dom.disable_beforeunload
1584209733854	Marionette	DEBUG	Resetting recommended pref dom.disable_open_during_load
1584209733854	Marionette	DEBUG	Resetting recommended pref dom.file.createInChild
1584209733855	Marionette	DEBUG	Resetting recommended pref dom.max_chrome_script_run_time
1584209733855	Marionette	DEBUG	Resetting recommended pref dom.max_script_run_time
1584209733856	Marionette	DEBUG	Resetting recommended pref dom.push.connection.enabled
1584209733856	Marionette	DEBUG	Resetting recommended pref extensions.getAddons.cache.enabled
1584209733856	Marionette	DEBUG	Resetting recommended pref extensions.webservice.discoverURL
1584209733856	Marionette	DEBUG	Resetting recommended pref network.http.prompt-temp-redirect
1584209733856	Marionette	DEBUG	Resetting recommended pref network.http.speculative-parallel-limit
1584209733857	Marionette	DEBUG	Resetting recommended pref privacy.trackingprotection.enabled
1584209733857	Marionette	DEBUG	Resetting recommended pref security.certerrors.mitm.priming.enabled
1584209733857	Marionette	DEBUG	Resetting recommended pref security.fileuri.strict_origin_policy
1584209733857	Marionette	DEBUG	Resetting recommended pref security.notification_enable_delay
1584209733857	Marionette	DEBUG	Resetting recommended pref signon.autofillForms
1584209733858	Marionette	DEBUG	Resetting recommended pref signon.rememberSignons
1584209733858	Marionette	DEBUG	Resetting recommended pref toolkit.cosmeticAnimations.enabled
1584209733859	Marionette	INFO	Stopped listening on port 62792
1584209733859	Marionette	DEBUG	Marionette stopped listening

###!!! [Child][RunMessage] Error: Channel closing: too late to send/recv, messages will be lost


###!!! [Child][MessageChannel::SendAndWait] Error: Channel error: cannot send/recv

1584209741858	geckodriver	INFO	geckodriver 0.21.0 (c7d3022be6420de1ca4076d932aa32b299f3ea10 2018-06-14)
1584209741881	geckodriver	INFO	Listening on 127.0.0.1:49392
1584209744872	mozrunner::runner	INFO	Running command: "C:\\Program Files\\Mozilla Firefox\\firefox.exe" "-marionette" "-foreground" "-no-remote" "-profile" "C:\\Users\\FABIAN~1\\AppData\\Local\\Temp\\rust_mozprofile.RhCNR5m5u7qA"
1584209746843	addons.webextension.doh-rollout@mozilla.org	WARN	Loading extension 'doh-rollout@mozilla.org': Reading manifest: Invalid extension permission: networkStatus
1584209748061	addons.webextension.screenshots@mozilla.org	WARN	Loading extension 'screenshots@mozilla.org': Reading manifest: Invalid extension permission: mozillaAddons
1584209748061	addons.webextension.screenshots@mozilla.org	WARN	Loading extension 'screenshots@mozilla.org': Reading manifest: Invalid extension permission: telemetry
1584209748061	addons.webextension.screenshots@mozilla.org	WARN	Loading extension 'screenshots@mozilla.org': Reading manifest: Invalid extension permission: resource://pdf.js/
1584209748062	addons.webextension.screenshots@mozilla.org	WARN	Loading extension 'screenshots@mozilla.org': Reading manifest: Invalid extension permission: about:reader*
1584209748164	Marionette	TRACE	Received observer notification profile-after-change
1584209748490	Marionette	TRACE	Received observer notification toplevel-window-ready
1584209748672	Marionette	TRACE	Received observer notification command-line-startup
1584209748672	Marionette	DEBUG	Init aborted (running=false, enabled=true, finalUIStartup=false)
1584209748853	Marionette	TRACE	Received observer notification toplevel-window-ready
JavaScript error: resource://gre/modules/XULStore.jsm, line 66: Error: Can't find profile directory.
1584209752942	Marionette	TRACE	Received observer notification marionette-startup-requested
1584209752943	Marionette	TRACE	Waiting until startup recorder finished recording startup scripts...
1584209753086	Marionette	TRACE	All scripts recorded.
1584209753086	Marionette	DEBUG	Setting recommended pref app.update.disabledForTesting to true
1584209753087	Marionette	DEBUG	Setting recommended pref apz.content_response_timeout to 60000
1584209753088	Marionette	DEBUG	Setting recommended pref browser.contentblocking.introCount to 99
1584209753088	Marionette	DEBUG	Setting recommended pref browser.download.panel.shown to true
1584209753089	Marionette	DEBUG	Setting recommended pref browser.newtabpage.enabled to false
1584209753091	Marionette	DEBUG	Setting recommended pref browser.pagethumbnails.capturing_disabled to true
1584209753091	Marionette	DEBUG	Setting recommended pref browser.search.update to false
1584209753092	Marionette	DEBUG	Setting recommended pref browser.tabs.disableBackgroundZombification to false
1584209753092	Marionette	DEBUG	Setting recommended pref browser.tabs.remote.separatePrivilegedContentProcess to false
1584209753092	Marionette	DEBUG	Setting recommended pref browser.tabs.unloadOnLowMemory to false
1584209753092	Marionette	DEBUG	Setting recommended pref browser.tabs.warnOnCloseOtherTabs to false
1584209753092	Marionette	DEBUG	Setting recommended pref browser.tabs.warnOnOpen to false
1584209753093	Marionette	DEBUG	Setting recommended pref browser.usedOnWindows10.introURL to 
1584209753093	Marionette	DEBUG	Setting recommended pref browser.urlbar.suggest.searches to false
1584209753095	Marionette	DEBUG	Setting recommended pref datareporting.policy.dataSubmissionPolicyAccepted to false
1584209753096	Marionette	DEBUG	Setting recommended pref dom.disable_beforeunload to true
1584209753096	Marionette	DEBUG	Setting recommended pref dom.disable_open_during_load to false
1584209753097	Marionette	DEBUG	Setting recommended pref dom.file.createInChild to true
1584209753097	Marionette	DEBUG	Setting recommended pref dom.max_chrome_script_run_time to 0
1584209753097	Marionette	DEBUG	Setting recommended pref dom.max_script_run_time to 0
1584209753099	Marionette	DEBUG	Setting recommended pref dom.push.connection.enabled to false
1584209753099	Marionette	DEBUG	Setting recommended pref extensions.getAddons.cache.enabled to false
1584209753100	Marionette	DEBUG	Setting recommended pref extensions.webservice.discoverURL to http://%(server)s/dummy/discoveryURL
1584209753100	Marionette	DEBUG	Setting recommended pref network.http.prompt-temp-redirect to false
1584209753100	Marionette	DEBUG	Setting recommended pref network.http.speculative-parallel-limit to 0
1584209753100	Marionette	DEBUG	Setting recommended pref privacy.trackingprotection.enabled to false
1584209753101	Marionette	DEBUG	Setting recommended pref security.certerrors.mitm.priming.enabled to false
1584209753101	Marionette	DEBUG	Setting recommended pref security.fileuri.strict_origin_policy to false
1584209753102	Marionette	DEBUG	Setting recommended pref security.notification_enable_delay to 0
1584209753102	Marionette	DEBUG	Setting recommended pref signon.autofillForms to false
1584209753103	Marionette	DEBUG	Setting recommended pref signon.rememberSignons to false
1584209753103	Marionette	DEBUG	Setting recommended pref toolkit.cosmeticAnimations.enabled to false
1584209753210	Marionette	INFO	Listening on port 49400
1584209753210	Marionette	DEBUG	Marionette is listening
1584209753553	Marionette	DEBUG	Accepted connection 0 from 127.0.0.1:49418
1584209753555	Marionette	DEBUG	0 -> [0,1,"WebDriver:NewSession",{"acceptInsecureCerts":true,"browserName":"firefox","capabilities":{"desiredCapabilities":{"acceptInsecureCerts":true,"browserName":"firefox"}}}]
1584209753556	Marionette	WARN	TLS certificate errors will be ignored for this session
1584209753697	Marionette	TRACE	[19] Frame script loaded
1584209753757	Marionette	TRACE	[19] Frame script registered
1584209753768	Marionette	DEBUG	0 <- [1,1,null,{"sessionId":"0997830b-51ed-4830-88bc-f9ddbd4c49f5","capabilities":{"browserName":"firefox","browserVersion":"74.0" ... alse,"moz:webdriverClick":true,"capabilities":{"desiredCapabilities":{"acceptInsecureCerts":true,"browserName":"firefox"}}}}]
1584209753787	Marionette	DEBUG	0 -> [0,2,"WebDriver:SetTimeouts",{"implicit":5000}]
1584209753788	Marionette	DEBUG	0 <- [1,2,null,{"value":null}]
1584209753792	Marionette	DEBUG	0 -> [0,3,"WebDriver:Navigate",{"url":"http://rpachallenge.com/"}]
1584209753806	Marionette	TRACE	[19] Received DOM event beforeunload for about:blank
1584209754253	Marionette	TRACE	[19] Received DOM event pagehide for about:blank
1584209772254	Marionette	TRACE	[19] Received DOM event beforeunload for http://rpachallenge.com/
1584209772255	Marionette	TRACE	[19] Received DOM event pageshow for http://rpachallenge.com/
1584209772267	Marionette	TRACE	[19] Received DOM event DOMContentLoaded for http://rpachallenge.com/
1584209772534	Marionette	TRACE	[19] Received DOM event unload for http://rpachallenge.com/
1584209797745	Marionette	TRACE	[19] Received DOM event DOMContentLoaded for http://rpachallenge.com/
1584209798715	Marionette	TRACE	[19] Received DOM event pageshow for http://rpachallenge.com/
1584209798729	Marionette	DEBUG	0 <- [1,3,null,{"value":null}]
1584209798771	Marionette	DEBUG	0 -> [0,4,"WebDriver:GetCurrentURL",{}]
1584209798773	Marionette	DEBUG	0 <- [1,4,null,{"value":"http://rpachallenge.com/"}]
1584209799100	Marionette	DEBUG	0 -> [0,5,"WebDriver:GetCurrentURL",{}]
1584209799102	Marionette	DEBUG	0 <- [1,5,null,{"value":"http://rpachallenge.com/"}]
1584209799112	Marionette	DEBUG	0 -> [0,6,"WebDriver:FindElement",{"using":"xpath","value":"//button[@class='waves-effect col s12 m12 l12 btn-large uiColorButton']"}]
1584209799128	Marionette	DEBUG	0 <- [1,6,null,{"value":{"element-6066-11e4-a52e-4f735466cecf":"a32cf9ea-8e75-4339-8c77-804237c669eb"}}]
1584209799137	Marionette	DEBUG	0 -> [0,7,"WebDriver:FindElement",{"using":"xpath","value":"//button[@class='waves-effect col s12 m12 l12 btn-large uiColorButton']"}]
1584209799143	Marionette	DEBUG	0 <- [1,7,null,{"value":{"element-6066-11e4-a52e-4f735466cecf":"a32cf9ea-8e75-4339-8c77-804237c669eb"}}]
1584209799150	Marionette	DEBUG	0 -> [0,8,"WebDriver:ElementClick",{"id":"a32cf9ea-8e75-4339-8c77-804237c669eb"}]
1584209799501	Marionette	DEBUG	[19] Canceled page load listener because no navigation has been detected
1584209799503	Marionette	DEBUG	0 <- [1,8,null,{"value":null}]
1584209828568	Marionette	DEBUG	Closed connection 0
1584209828862	Marionette	TRACE	Received observer notification xpcom-will-shutdown
1584209828862	Marionette	DEBUG	Resetting recommended pref app.update.disabledForTesting
1584209828862	Marionette	DEBUG	Resetting recommended pref apz.content_response_timeout
1584209828863	Marionette	DEBUG	Resetting recommended pref browser.contentblocking.introCount
1584209828863	Marionette	DEBUG	Resetting recommended pref browser.download.panel.shown
1584209828864	Marionette	DEBUG	Resetting recommended pref browser.newtabpage.enabled
1584209828865	Marionette	DEBUG	Resetting recommended pref browser.pagethumbnails.capturing_disabled
1584209828865	Marionette	DEBUG	Resetting recommended pref browser.search.update
1584209828865	Marionette	DEBUG	Resetting recommended pref browser.tabs.disableBackgroundZombification
1584209828866	Marionette	DEBUG	Resetting recommended pref browser.tabs.remote.separatePrivilegedContentProcess
1584209828866	Marionette	DEBUG	Resetting recommended pref browser.tabs.unloadOnLowMemory
1584209828866	Marionette	DEBUG	Resetting recommended pref browser.tabs.warnOnCloseOtherTabs
1584209828866	Marionette	DEBUG	Resetting recommended pref browser.tabs.warnOnOpen
1584209828867	Marionette	DEBUG	Resetting recommended pref browser.usedOnWindows10.introURL
1584209828867	Marionette	DEBUG	Resetting recommended pref browser.urlbar.suggest.searches
1584209828869	Marionette	DEBUG	Resetting recommended pref datareporting.policy.dataSubmissionPolicyAccepted
1584209828870	Marionette	DEBUG	Resetting recommended pref dom.disable_beforeunload
1584209828870	Marionette	DEBUG	Resetting recommended pref dom.disable_open_during_load
1584209828871	Marionette	DEBUG	Resetting recommended pref dom.file.createInChild
1584209828872	Marionette	DEBUG	Resetting recommended pref dom.max_chrome_script_run_time
1584209828872	Marionette	DEBUG	Resetting recommended pref dom.max_script_run_time
1584209828873	Marionette	DEBUG	Resetting recommended pref dom.push.connection.enabled
1584209828873	Marionette	DEBUG	Resetting recommended pref extensions.getAddons.cache.enabled
1584209828873	Marionette	DEBUG	Resetting recommended pref extensions.webservice.discoverURL
1584209828873	Marionette	DEBUG	Resetting recommended pref network.http.prompt-temp-redirect
1584209828874	Marionette	DEBUG	Resetting recommended pref network.http.speculative-parallel-limit
1584209828874	Marionette	DEBUG	Resetting recommended pref privacy.trackingprotection.enabled
1584209828874	Marionette	DEBUG	Resetting recommended pref security.certerrors.mitm.priming.enabled
1584209828874	Marionette	DEBUG	Resetting recommended pref security.fileuri.strict_origin_policy
1584209828874	Marionette	DEBUG	Resetting recommended pref security.notification_enable_delay
1584209828875	Marionette	DEBUG	Resetting recommended pref signon.autofillForms
1584209828876	Marionette	DEBUG	Resetting recommended pref signon.rememberSignons
1584209828876	Marionette	DEBUG	Resetting recommended pref toolkit.cosmeticAnimations.enabled
1584209828878	Marionette	INFO	Stopped listening on port 49400
1584209828885	Marionette	DEBUG	Marionette stopped listening

###!!! [Child][RunMessage] Error: Channel closing: too late to send/recv, messages will be lost


###!!! [Child][MessageChannel::SendAndWait] Error: Channel error: cannot send/recv

